13:50:36.920 [main] INFO  api.test.UserTests - ********Creating User*******
13:50:41.764 [main] INFO  api.test.UserTests - ********Created Sucessfully*******
13:50:41.801 [main] INFO  api.test.UserTests - ********Reading User Info*******
13:50:43.287 [main] INFO  api.test.UserTests - ********User Info is Displyed*******
13:50:43.292 [main] INFO  api.test.UserTests - ********Updating Info Started*******
13:50:45.946 [main] INFO  api.test.UserTests - ********User Updated Sucessfully*******
13:50:45.952 [main] INFO  api.test.UserTests - ********User deletion Started*******
13:50:47.276 [main] INFO  api.test.UserTests - ********User Deleted Sucessfully*******
13:54:02.561 [main] INFO  api.test.UserTests - ********Creating User*******
13:54:06.870 [main] INFO  api.test.UserTests - ********Created Sucessfully*******
13:54:06.906 [main] INFO  api.test.UserTests - ********Reading User Info*******
13:54:08.396 [main] INFO  api.test.UserTests - ********User Info is Displyed*******
13:54:08.403 [main] INFO  api.test.UserTests - ********Updating Info Started*******
13:54:11.359 [main] INFO  api.test.UserTests - ********User Updated Sucessfully*******
13:54:11.367 [main] INFO  api.test.UserTests - ********User deletion Started*******
13:54:12.690 [main] INFO  api.test.UserTests - ********User Deleted Sucessfully*******
13:55:46.438 [main] INFO  api.test.UserTests - ********Creating User*******
13:55:50.826 [main] INFO  api.test.UserTests - ********Created Sucessfully*******
13:55:50.858 [main] INFO  api.test.UserTests - ********Reading User Info*******
13:55:52.333 [main] INFO  api.test.UserTests - ********User Info is Displyed*******
13:55:52.340 [main] INFO  api.test.UserTests - ********Updating Info Started*******
13:55:55.399 [main] INFO  api.test.UserTests - ********User Updated Sucessfully*******
13:55:55.404 [main] INFO  api.test.UserTests - ********User deletion Started*******
13:55:56.832 [main] INFO  api.test.UserTests - ********User Deleted Sucessfully*******
14:07:41.917 [main] INFO  api.test.UserTests - ********Creating User*******
14:07:46.372 [main] INFO  api.test.UserTests - ********Created Sucessfully*******
14:07:46.409 [main] INFO  api.test.UserTests - ********Reading User Info*******
14:07:47.798 [main] INFO  api.test.UserTests - ********User Info is Displyed*******
14:07:47.808 [main] INFO  api.test.UserTests - ********Updating Info Started*******
14:07:50.766 [main] INFO  api.test.UserTests - ********User Updated Sucessfully*******
14:07:50.771 [main] INFO  api.test.UserTests - ********User deletion Started*******
14:07:52.095 [main] INFO  api.test.UserTests - ********User Deleted Sucessfully*******
14:27:01.825 [main] INFO  api.test.DDTest - ..........user creation Started............
14:27:05.857 [main] INFO  api.test.DDTest - ................user created Sucessfully...............
14:27:05.879 [main] INFO  api.test.DDTest - ..........user creation Started............
14:27:07.281 [main] INFO  api.test.DDTest - ................user created Sucessfully...............
14:27:07.288 [main] INFO  api.test.DDTest - ..........user creation Started............
14:27:08.608 [main] INFO  api.test.DDTest - ................user created Sucessfully...............
14:27:08.824 [main] INFO  api.test.DDTest - ..........Reading user info............
14:27:10.243 [main] INFO  api.test.DDTest - ................User Info Displayed...............
14:27:10.247 [main] INFO  api.test.DDTest - ..........Reading user info............
14:27:11.468 [main] INFO  api.test.DDTest - ................User Info Displayed...............
14:27:11.472 [main] INFO  api.test.DDTest - ..........Reading user info............
14:27:13.108 [main] INFO  api.test.DDTest - ................User Info Displayed...............
14:27:13.255 [main] INFO  api.test.DDTest - ..........user Deletion Started............
14:27:14.425 [main] INFO  api.test.DDTest - ................user Deleted Sucessfully...............
14:27:14.430 [main] INFO  api.test.DDTest - ..........user Deletion Started............
14:27:15.768 [main] INFO  api.test.DDTest - ................user Deleted Sucessfully...............
14:27:15.773 [main] INFO  api.test.DDTest - ..........user Deletion Started............
14:27:17.184 [main] INFO  api.test.DDTest - ................user Deleted Sucessfully...............
15:11:52.086 [main] INFO  api.test.UserTests2 - ********Creating User*******
15:11:57.858 [main] INFO  api.test.UserTests2 - ********Created Sucessfully*******
15:11:57.900 [main] INFO  api.test.UserTests2 - ********Reading User Info*******
15:11:59.003 [main] INFO  api.test.UserTests2 - ********User Info is Displyed*******
15:11:59.011 [main] INFO  api.test.UserTests2 - ********Updating Info Started*******
15:12:01.128 [main] INFO  api.test.UserTests2 - ********User Updated Sucessfully*******
15:12:01.132 [main] INFO  api.test.UserTests2 - ********User deletion Started*******
15:12:02.163 [main] INFO  api.test.UserTests2 - ********User Deleted Sucessfully*******
15:16:35.982 [main] INFO  api.test.DDTest - ..........user creation Started............
15:16:40.163 [main] INFO  api.test.DDTest - ................user created Sucessfully...............
15:16:40.192 [main] INFO  api.test.DDTest - ..........user creation Started............
15:16:41.587 [main] INFO  api.test.DDTest - ................user created Sucessfully...............
15:16:41.592 [main] INFO  api.test.DDTest - ..........user creation Started............
15:16:43.019 [main] INFO  api.test.DDTest - ................user created Sucessfully...............
15:16:43.214 [main] INFO  api.test.DDTest - ..........Reading user info............
15:16:44.759 [main] INFO  api.test.DDTest - ................User Info Displayed...............
15:16:44.763 [main] INFO  api.test.DDTest - ..........Reading user info............
15:16:46.096 [main] INFO  api.test.DDTest - ................User Info Displayed...............
15:16:46.100 [main] INFO  api.test.DDTest - ..........Reading user info............
15:16:47.629 [main] INFO  api.test.DDTest - ................User Info Displayed...............
15:16:47.798 [main] INFO  api.test.DDTest - ..........user Deletion Started............
15:16:48.954 [main] INFO  api.test.DDTest - ................user Deleted Sucessfully...............
15:16:48.959 [main] INFO  api.test.DDTest - ..........user Deletion Started............
15:16:50.491 [main] INFO  api.test.DDTest - ................user Deleted Sucessfully...............
15:16:50.495 [main] INFO  api.test.DDTest - ..........user Deletion Started............
15:16:51.932 [main] INFO  api.test.DDTest - ................user Deleted Sucessfully...............
16:13:53.459 [main] INFO  api.test.DDTest - ..........user creation Started............
16:14:01.313 [main] INFO  api.test.DDTest - ................user created Sucessfully...............
16:14:01.398 [main] INFO  api.test.DDTest - ..........user creation Started............
16:14:02.853 [main] INFO  api.test.DDTest - ................user created Sucessfully...............
16:14:02.858 [main] INFO  api.test.DDTest - ..........user creation Started............
16:14:04.171 [main] INFO  api.test.DDTest - ................user created Sucessfully...............
16:14:04.430 [main] INFO  api.test.DDTest - ..........Reading user info............
16:14:05.824 [main] INFO  api.test.DDTest - ................User Info Displayed...............
16:14:05.828 [main] INFO  api.test.DDTest - ..........Reading user info............
16:14:07.453 [main] INFO  api.test.DDTest - ................User Info Displayed...............
16:14:07.457 [main] INFO  api.test.DDTest - ..........Reading user info............
16:14:08.989 [main] INFO  api.test.DDTest - ................User Info Displayed...............
16:14:09.222 [main] INFO  api.test.DDTest - ..........user Deletion Started............
16:14:10.526 [main] INFO  api.test.DDTest - ................user Deleted Sucessfully...............
16:14:10.528 [main] INFO  api.test.DDTest - ..........user Deletion Started............
16:14:12.060 [main] INFO  api.test.DDTest - ................user Deleted Sucessfully...............
16:14:12.063 [main] INFO  api.test.DDTest - ..........user Deletion Started............
16:14:13.403 [main] INFO  api.test.DDTest - ................user Deleted Sucessfully...............
11:09:22.630 [main] INFO  api.test.DDTest - ..........user creation Started............
11:09:25.069 [main] INFO  api.test.DDTest - ................user created Sucessfully...............
11:09:25.076 [main] INFO  api.test.DDTest - ..........user creation Started............
11:09:26.135 [main] INFO  api.test.DDTest - ................user created Sucessfully...............
11:09:26.136 [main] INFO  api.test.DDTest - ..........user creation Started............
11:09:27.167 [main] INFO  api.test.DDTest - ................user created Sucessfully...............
11:09:27.230 [main] INFO  api.test.DDTest - ..........Reading user info............
11:09:28.255 [main] INFO  api.test.DDTest - ................User Info Displayed...............
11:09:28.257 [main] INFO  api.test.DDTest - ..........Reading user info............
11:09:29.276 [main] INFO  api.test.DDTest - ................User Info Displayed...............
11:09:29.278 [main] INFO  api.test.DDTest - ..........Reading user info............
11:09:30.295 [main] INFO  api.test.DDTest - ................User Info Displayed...............
11:09:30.348 [main] INFO  api.test.DDTest - ..........user Deletion Started............
11:09:31.355 [main] INFO  api.test.DDTest - ................user Deleted Sucessfully...............
11:09:31.357 [main] INFO  api.test.DDTest - ..........user Deletion Started............
11:09:32.407 [main] INFO  api.test.DDTest - ................user Deleted Sucessfully...............
11:09:32.409 [main] INFO  api.test.DDTest - ..........user Deletion Started............
11:09:33.446 [main] INFO  api.test.DDTest - ................user Deleted Sucessfully...............
